[2022-05-06 02:42:17] local.ERROR: The "--r" option does not exist. {"exception":"[object] (Symfony\\Component\\Console\\Exception\\RuntimeException(code: 0): The \"--r\" option does not exist. at D:\\di sini\\Pejuang Skripsi\\Laravel 8\\apps\\api-laravel\\vendor\\symfony\\console\\Input\\ArgvInput.php:220)
[stacktrace]
#0 D:\\di sini\\Pejuang Skripsi\\Laravel 8\\apps\\api-laravel\\vendor\\symfony\\console\\Input\\ArgvInput.php(149): Symfony\\Component\\Console\\Input\\ArgvInput->addLongOption('r', NULL)
#1 D:\\di sini\\Pejuang Skripsi\\Laravel 8\\apps\\api-laravel\\vendor\\symfony\\console\\Input\\ArgvInput.php(82): Symfony\\Component\\Console\\Input\\ArgvInput->parseLongOption('--r')
#2 D:\\di sini\\Pejuang Skripsi\\Laravel 8\\apps\\api-laravel\\vendor\\symfony\\console\\Input\\ArgvInput.php(71): Symfony\\Component\\Console\\Input\\ArgvInput->parseToken('--r', true)
#3 D:\\di sini\\Pejuang Skripsi\\Laravel 8\\apps\\api-laravel\\vendor\\symfony\\console\\Input\\Input.php(55): Symfony\\Component\\Console\\Input\\ArgvInput->parse()
#4 D:\\di sini\\Pejuang Skripsi\\Laravel 8\\apps\\api-laravel\\vendor\\symfony\\console\\Command\\Command.php(250): Symfony\\Component\\Console\\Input\\Input->bind(Object(Symfony\\Component\\Console\\Input\\InputDefinition))
#5 D:\\di sini\\Pejuang Skripsi\\Laravel 8\\apps\\api-laravel\\vendor\\laravel\\framework\\src\\Illuminate\\Console\\Command.php(121): Symfony\\Component\\Console\\Command\\Command->run(Object(Symfony\\Component\\Console\\Input\\ArgvInput), Object(Illuminate\\Console\\OutputStyle))
#6 D:\\di sini\\Pejuang Skripsi\\Laravel 8\\apps\\api-laravel\\vendor\\symfony\\console\\Application.php(989): Illuminate\\Console\\Command->run(Object(Symfony\\Component\\Console\\Input\\ArgvInput), Object(Symfony\\Component\\Console\\Output\\ConsoleOutput))
#7 D:\\di sini\\Pejuang Skripsi\\Laravel 8\\apps\\api-laravel\\vendor\\symfony\\console\\Application.php(299): Symfony\\Component\\Console\\Application->doRunCommand(Object(Illuminate\\Routing\\Console\\ControllerMakeCommand), Object(Symfony\\Component\\Console\\Input\\ArgvInput), Object(Symfony\\Component\\Console\\Output\\ConsoleOutput))
#8 D:\\di sini\\Pejuang Skripsi\\Laravel 8\\apps\\api-laravel\\vendor\\symfony\\console\\Application.php(171): Symfony\\Component\\Console\\Application->doRun(Object(Symfony\\Component\\Console\\Input\\ArgvInput), Object(Symfony\\Component\\Console\\Output\\ConsoleOutput))
#9 D:\\di sini\\Pejuang Skripsi\\Laravel 8\\apps\\api-laravel\\vendor\\laravel\\framework\\src\\Illuminate\\Console\\Application.php(102): Symfony\\Component\\Console\\Application->run(Object(Symfony\\Component\\Console\\Input\\ArgvInput), Object(Symfony\\Component\\Console\\Output\\ConsoleOutput))
#10 D:\\di sini\\Pejuang Skripsi\\Laravel 8\\apps\\api-laravel\\vendor\\laravel\\framework\\src\\Illuminate\\Foundation\\Console\\Kernel.php(129): Illuminate\\Console\\Application->run(Object(Symfony\\Component\\Console\\Input\\ArgvInput), Object(Symfony\\Component\\Console\\Output\\ConsoleOutput))
#11 D:\\di sini\\Pejuang Skripsi\\Laravel 8\\apps\\api-laravel\\artisan(37): Illuminate\\Foundation\\Console\\Kernel->handle(Object(Symfony\\Component\\Console\\Input\\ArgvInput), Object(Symfony\\Component\\Console\\Output\\ConsoleOutput))
#12 {main}
"} 
[2022-05-06 03:31:19] local.ERROR: Array to string conversion {"exception":"[object] (ErrorException(code: 0): Array to string conversion at D:\\di sini\\Pejuang Skripsi\\Laravel 8\\apps\\api-laravel\\vendor\\laravel\\framework\\src\\Illuminate\\Routing\\ResourceRegistrar.php:416)
[stacktrace]
#0 D:\\di sini\\Pejuang Skripsi\\Laravel 8\\apps\\api-laravel\\vendor\\laravel\\framework\\src\\Illuminate\\Foundation\\Bootstrap\\HandleExceptions.php(231): Illuminate\\Foundation\\Bootstrap\\HandleExceptions->handleError(2, 'Array to string...', 'D:\\\\di sini\\\\Peju...', 416)
#1 D:\\di sini\\Pejuang Skripsi\\Laravel 8\\apps\\api-laravel\\vendor\\laravel\\framework\\src\\Illuminate\\Routing\\ResourceRegistrar.php(416): Illuminate\\Foundation\\Bootstrap\\HandleExceptions->Illuminate\\Foundation\\Bootstrap\\{closure}(2, 'Array to string...', 'D:\\\\di sini\\\\Peju...', 416)
#2 D:\\di sini\\Pejuang Skripsi\\Laravel 8\\apps\\api-laravel\\vendor\\laravel\\framework\\src\\Illuminate\\Routing\\ResourceRegistrar.php(189): Illuminate\\Routing\\ResourceRegistrar->getResourceAction('mahasiswa', Array, 'index', Array)
#3 D:\\di sini\\Pejuang Skripsi\\Laravel 8\\apps\\api-laravel\\vendor\\laravel\\framework\\src\\Illuminate\\Routing\\ResourceRegistrar.php(99): Illuminate\\Routing\\ResourceRegistrar->addResourceIndex('mahasiswa', 'mahasiswa', Array, Array)
#4 D:\\di sini\\Pejuang Skripsi\\Laravel 8\\apps\\api-laravel\\vendor\\laravel\\framework\\src\\Illuminate\\Routing\\PendingResourceRegistration.php(240): Illuminate\\Routing\\ResourceRegistrar->register('mahasiswa', Array, Array)
#5 D:\\di sini\\Pejuang Skripsi\\Laravel 8\\apps\\api-laravel\\vendor\\laravel\\framework\\src\\Illuminate\\Routing\\PendingResourceRegistration.php(252): Illuminate\\Routing\\PendingResourceRegistration->register()
#6 D:\\di sini\\Pejuang Skripsi\\Laravel 8\\apps\\api-laravel\\vendor\\laravel\\framework\\src\\Illuminate\\Support\\Facades\\Facade.php(337): Illuminate\\Routing\\PendingResourceRegistration->__destruct()
#7 D:\\di sini\\Pejuang Skripsi\\Laravel 8\\apps\\api-laravel\outes\\api.php(23): Illuminate\\Support\\Facades\\Facade::__callStatic('resource', Array)
#8 D:\\di sini\\Pejuang Skripsi\\Laravel 8\\apps\\api-laravel\\vendor\\laravel\\framework\\src\\Illuminate\\Routing\\RouteFileRegistrar.php(35): require('D:\\\\di sini\\\\Peju...')
#9 D:\\di sini\\Pejuang Skripsi\\Laravel 8\\apps\\api-laravel\\vendor\\laravel\\framework\\src\\Illuminate\\Routing\\Router.php(430): Illuminate\\Routing\\RouteFileRegistrar->register('D:\\\\di sini\\\\Peju...')
#10 D:\\di sini\\Pejuang Skripsi\\Laravel 8\\apps\\api-laravel\\vendor\\laravel\\framework\\src\\Illuminate\\Routing\\Router.php(386): Illuminate\\Routing\\Router->loadRoutes('D:\\\\di sini\\\\Peju...')
#11 D:\\di sini\\Pejuang Skripsi\\Laravel 8\\apps\\api-laravel\\vendor\\laravel\\framework\\src\\Illuminate\\Routing\\RouteRegistrar.php(163): Illuminate\\Routing\\Router->group(Array, 'D:\\\\di sini\\\\Peju...')
#12 D:\\di sini\\Pejuang Skripsi\\Laravel 8\\apps\\api-laravel\\app\\Providers\\RouteServiceProvider.php(34): Illuminate\\Routing\\RouteRegistrar->group('D:\\\\di sini\\\\Peju...')
#13 D:\\di sini\\Pejuang Skripsi\\Laravel 8\\apps\\api-laravel\\vendor\\laravel\\framework\\src\\Illuminate\\Container\\BoundMethod.php(36): App\\Providers\\RouteServiceProvider->App\\Providers\\{closure}()
#14 D:\\di sini\\Pejuang Skripsi\\Laravel 8\\apps\\api-laravel\\vendor\\laravel\\framework\\src\\Illuminate\\Container\\Util.php(41): Illuminate\\Container\\BoundMethod::Illuminate\\Container\\{closure}()
#15 D:\\di sini\\Pejuang Skripsi\\Laravel 8\\apps\\api-laravel\\vendor\\laravel\\framework\\src\\Illuminate\\Container\\BoundMethod.php(81): Illuminate\\Container\\Util::unwrapIfClosure(Object(Closure))
#16 D:\\di sini\\Pejuang Skripsi\\Laravel 8\\apps\\api-laravel\\vendor\\laravel\\framework\\src\\Illuminate\\Container\\BoundMethod.php(37): Illuminate\\Container\\BoundMethod::callBoundMethod(Object(Illuminate\\Foundation\\Application), Object(Closure), Object(Closure))
#17 D:\\di sini\\Pejuang Skripsi\\Laravel 8\\apps\\api-laravel\\vendor\\laravel\\framework\\src\\Illuminate\\Container\\Container.php(651): Illuminate\\Container\\BoundMethod::call(Object(Illuminate\\Foundation\\Application), Object(Closure), Array, NULL)
#18 D:\\di sini\\Pejuang Skripsi\\Laravel 8\\apps\\api-laravel\\vendor\\laravel\\framework\\src\\Illuminate\\Foundation\\Support\\Providers\\RouteServiceProvider.php(120): Illuminate\\Container\\Container->call(Object(Closure))
#19 D:\\di sini\\Pejuang Skripsi\\Laravel 8\\apps\\api-laravel\\vendor\\laravel\\framework\\src\\Illuminate\\Foundation\\Support\\Providers\\RouteServiceProvider.php(45): Illuminate\\Foundation\\Support\\Providers\\RouteServiceProvider->loadRoutes()
#20 D:\\di sini\\Pejuang Skripsi\\Laravel 8\\apps\\api-laravel\\vendor\\laravel\\framework\\src\\Illuminate\\Container\\BoundMethod.php(36): Illuminate\\Foundation\\Support\\Providers\\RouteServiceProvider->Illuminate\\Foundation\\Support\\Providers\\{closure}()
#21 D:\\di sini\\Pejuang Skripsi\\Laravel 8\\apps\\api-laravel\\vendor\\laravel\\framework\\src\\Illuminate\\Container\\Util.php(41): Illuminate\\Container\\BoundMethod::Illuminate\\Container\\{closure}()
#22 D:\\di sini\\Pejuang Skripsi\\Laravel 8\\apps\\api-laravel\\vendor\\laravel\\framework\\src\\Illuminate\\Container\\BoundMethod.php(81): Illuminate\\Container\\Util::unwrapIfClosure(Object(Closure))
#23 D:\\di sini\\Pejuang Skripsi\\Laravel 8\\apps\\api-laravel\\vendor\\laravel\\framework\\src\\Illuminate\\Container\\BoundMethod.php(37): Illuminate\\Container\\BoundMethod::callBoundMethod(Object(Illuminate\\Foundation\\Application), Object(Closure), Object(Closure))
#24 D:\\di sini\\Pejuang Skripsi\\Laravel 8\\apps\\api-laravel\\vendor\\laravel\\framework\\src\\Illuminate\\Container\\Container.php(651): Illuminate\\Container\\BoundMethod::call(Object(Illuminate\\Foundation\\Application), Object(Closure), Array, NULL)
#25 D:\\di sini\\Pejuang Skripsi\\Laravel 8\\apps\\api-laravel\\vendor\\laravel\\framework\\src\\Illuminate\\Support\\ServiceProvider.php(119): Illuminate\\Container\\Container->call(Object(Closure))
#26 D:\\di sini\\Pejuang Skripsi\\Laravel 8\\apps\\api-laravel\\vendor\\laravel\\framework\\src\\Illuminate\\Foundation\\Application.php(931): Illuminate\\Support\\ServiceProvider->callBootedCallbacks()
#27 D:\\di sini\\Pejuang Skripsi\\Laravel 8\\apps\\api-laravel\\vendor\\laravel\\framework\\src\\Illuminate\\Foundation\\Application.php(909): Illuminate\\Foundation\\Application->bootProvider(Object(App\\Providers\\RouteServiceProvider))
#28 [internal function]: Illuminate\\Foundation\\Application->Illuminate\\Foundation\\{closure}(Object(App\\Providers\\RouteServiceProvider), 22)
#29 D:\\di sini\\Pejuang Skripsi\\Laravel 8\\apps\\api-laravel\\vendor\\laravel\\framework\\src\\Illuminate\\Foundation\\Application.php(910): array_walk(Array, Object(Closure))
#30 D:\\di sini\\Pejuang Skripsi\\Laravel 8\\apps\\api-laravel\\vendor\\laravel\\framework\\src\\Illuminate\\Foundation\\Bootstrap\\BootProviders.php(17): Illuminate\\Foundation\\Application->boot()
#31 D:\\di sini\\Pejuang Skripsi\\Laravel 8\\apps\\api-laravel\\vendor\\laravel\\framework\\src\\Illuminate\\Foundation\\Application.php(239): Illuminate\\Foundation\\Bootstrap\\BootProviders->bootstrap(Object(Illuminate\\Foundation\\Application))
#32 D:\\di sini\\Pejuang Skripsi\\Laravel 8\\apps\\api-laravel\\vendor\\laravel\\framework\\src\\Illuminate\\Foundation\\Console\\Kernel.php(310): Illuminate\\Foundation\\Application->bootstrapWith(Array)
#33 D:\\di sini\\Pejuang Skripsi\\Laravel 8\\apps\\api-laravel\\vendor\\laravel\\framework\\src\\Illuminate\\Foundation\\Console\\Kernel.php(127): Illuminate\\Foundation\\Console\\Kernel->bootstrap()
#34 D:\\di sini\\Pejuang Skripsi\\Laravel 8\\apps\\api-laravel\\artisan(37): Illuminate\\Foundation\\Console\\Kernel->handle(Object(Symfony\\Component\\Console\\Input\\ArgvInput), Object(Symfony\\Component\\Console\\Output\\ConsoleOutput))
#35 {main}
"} 
[2022-05-06 03:59:03] local.ERROR: Target class [UserController] does not exist. {"exception":"[object] (Illuminate\\Contracts\\Container\\BindingResolutionException(code: 0): Target class [UserController] does not exist. at D:\\di sini\\Pejuang Skripsi\\Laravel 8\\apps\\api-laravel\\vendor\\laravel\\framework\\src\\Illuminate\\Container\\Container.php:877)
[stacktrace]
#0 D:\\di sini\\Pejuang Skripsi\\Laravel 8\\apps\\api-laravel\\vendor\\laravel\\framework\\src\\Illuminate\\Container\\Container.php(756): Illuminate\\Container\\Container->build('UserController')
#1 D:\\di sini\\Pejuang Skripsi\\Laravel 8\\apps\\api-laravel\\vendor\\laravel\\framework\\src\\Illuminate\\Foundation\\Application.php(855): Illuminate\\Container\\Container->resolve('UserController', Array, true)
#2 D:\\di sini\\Pejuang Skripsi\\Laravel 8\\apps\\api-laravel\\vendor\\laravel\\framework\\src\\Illuminate\\Container\\Container.php(692): Illuminate\\Foundation\\Application->resolve('UserController', Array)
#3 D:\\di sini\\Pejuang Skripsi\\Laravel 8\\apps\\api-laravel\\vendor\\laravel\\framework\\src\\Illuminate\\Foundation\\Application.php(840): Illuminate\\Container\\Container->make('UserController', Array)
#4 D:\\di sini\\Pejuang Skripsi\\Laravel 8\\apps\\api-laravel\\vendor\\laravel\\framework\\src\\Illuminate\\Routing\\Route.php(275): Illuminate\\Foundation\\Application->make('UserController')
#5 D:\\di sini\\Pejuang Skripsi\\Laravel 8\\apps\\api-laravel\\vendor\\laravel\\framework\\src\\Illuminate\\Routing\\Route.php(1081): Illuminate\\Routing\\Route->getController()
#6 D:\\di sini\\Pejuang Skripsi\\Laravel 8\\apps\\api-laravel\\vendor\\laravel\\framework\\src\\Illuminate\\Routing\\Route.php(1024): Illuminate\\Routing\\Route->controllerMiddleware()
#7 D:\\di sini\\Pejuang Skripsi\\Laravel 8\\apps\\api-laravel\\vendor\\laravel\\framework\\src\\Illuminate\\Routing\\Router.php(737): Illuminate\\Routing\\Route->gatherMiddleware()
#8 D:\\di sini\\Pejuang Skripsi\\Laravel 8\\apps\\api-laravel\\vendor\\laravel\\framework\\src\\Illuminate\\Foundation\\Console\\RouteListCommand.php(210): Illuminate\\Routing\\Router->gatherRouteMiddleware(Object(Illuminate\\Routing\\Route))
#9 D:\\di sini\\Pejuang Skripsi\\Laravel 8\\apps\\api-laravel\\vendor\\laravel\\framework\\src\\Illuminate\\Foundation\\Console\\RouteListCommand.php(155): Illuminate\\Foundation\\Console\\RouteListCommand->getMiddleware(Object(Illuminate\\Routing\\Route))
#10 D:\\di sini\\Pejuang Skripsi\\Laravel 8\\apps\\api-laravel\\vendor\\laravel\\framework\\src\\Illuminate\\Foundation\\Console\\RouteListCommand.php(125): Illuminate\\Foundation\\Console\\RouteListCommand->getRouteInformation(Object(Illuminate\\Routing\\Route))
#11 [internal function]: Illuminate\\Foundation\\Console\\RouteListCommand->Illuminate\\Foundation\\Console\\{closure}(Object(Illuminate\\Routing\\Route), 5)
#12 D:\\di sini\\Pejuang Skripsi\\Laravel 8\\apps\\api-laravel\\vendor\\laravel\\framework\\src\\Illuminate\\Collections\\Collection.php(725): array_map(Object(Closure), Array, Array)
#13 D:\\di sini\\Pejuang Skripsi\\Laravel 8\\apps\\api-laravel\\vendor\\laravel\\framework\\src\\Illuminate\\Foundation\\Console\\RouteListCommand.php(126): Illuminate\\Support\\Collection->map(Object(Closure))
#14 D:\\di sini\\Pejuang Skripsi\\Laravel 8\\apps\\api-laravel\\vendor\\laravel\\framework\\src\\Illuminate\\Foundation\\Console\\RouteListCommand.php(110): Illuminate\\Foundation\\Console\\RouteListCommand->getRoutes()
#15 D:\\di sini\\Pejuang Skripsi\\Laravel 8\\apps\\api-laravel\\vendor\\laravel\\framework\\src\\Illuminate\\Container\\BoundMethod.php(36): Illuminate\\Foundation\\Console\\RouteListCommand->handle()
#16 D:\\di sini\\Pejuang Skripsi\\Laravel 8\\apps\\api-laravel\\vendor\\laravel\\framework\\src\\Illuminate\\Container\\Util.php(41): Illuminate\\Container\\BoundMethod::Illuminate\\Container\\{closure}()
#17 D:\\di sini\\Pejuang Skripsi\\Laravel 8\\apps\\api-laravel\\vendor\\laravel\\framework\\src\\Illuminate\\Container\\BoundMethod.php(93): Illuminate\\Container\\Util::unwrapIfClosure(Object(Closure))
#18 D:\\di sini\\Pejuang Skripsi\\Laravel 8\\apps\\api-laravel\\vendor\\laravel\\framework\\src\\Illuminate\\Container\\BoundMethod.php(37): Illuminate\\Container\\BoundMethod::callBoundMethod(Object(Illuminate\\Foundation\\Application), Array, Object(Closure))
#19 D:\\di sini\\Pejuang Skripsi\\Laravel 8\\apps\\api-laravel\\vendor\\laravel\\framework\\src\\Illuminate\\Container\\Container.php(651): Illuminate\\Container\\BoundMethod::call(Object(Illuminate\\Foundation\\Application), Array, Array, NULL)
#20 D:\\di sini\\Pejuang Skripsi\\Laravel 8\\apps\\api-laravel\\vendor\\laravel\\framework\\src\\Illuminate\\Console\\Command.php(136): Illuminate\\Container\\Container->call(Array)
#21 D:\\di sini\\Pejuang Skripsi\\Laravel 8\\apps\\api-laravel\\vendor\\symfony\\console\\Command\\Command.php(291): Illuminate\\Console\\Command->execute(Object(Symfony\\Component\\Console\\Input\\ArgvInput), Object(Illuminate\\Console\\OutputStyle))
#22 D:\\di sini\\Pejuang Skripsi\\Laravel 8\\apps\\api-laravel\\vendor\\laravel\\framework\\src\\Illuminate\\Console\\Command.php(121): Symfony\\Component\\Console\\Command\\Command->run(Object(Symfony\\Component\\Console\\Input\\ArgvInput), Object(Illuminate\\Console\\OutputStyle))
#23 D:\\di sini\\Pejuang Skripsi\\Laravel 8\\apps\\api-laravel\\vendor\\symfony\\console\\Application.php(989): Illuminate\\Console\\Command->run(Object(Symfony\\Component\\Console\\Input\\ArgvInput), Object(Symfony\\Component\\Console\\Output\\ConsoleOutput))
#24 D:\\di sini\\Pejuang Skripsi\\Laravel 8\\apps\\api-laravel\\vendor\\symfony\\console\\Application.php(299): Symfony\\Component\\Console\\Application->doRunCommand(Object(Illuminate\\Foundation\\Console\\RouteListCommand), Object(Symfony\\Component\\Console\\Input\\ArgvInput), Object(Symfony\\Component\\Console\\Output\\ConsoleOutput))
#25 D:\\di sini\\Pejuang Skripsi\\Laravel 8\\apps\\api-laravel\\vendor\\symfony\\console\\Application.php(171): Symfony\\Component\\Console\\Application->doRun(Object(Symfony\\Component\\Console\\Input\\ArgvInput), Object(Symfony\\Component\\Console\\Output\\ConsoleOutput))
#26 D:\\di sini\\Pejuang Skripsi\\Laravel 8\\apps\\api-laravel\\vendor\\laravel\\framework\\src\\Illuminate\\Console\\Application.php(102): Symfony\\Component\\Console\\Application->run(Object(Symfony\\Component\\Console\\Input\\ArgvInput), Object(Symfony\\Component\\Console\\Output\\ConsoleOutput))
#27 D:\\di sini\\Pejuang Skripsi\\Laravel 8\\apps\\api-laravel\\vendor\\laravel\\framework\\src\\Illuminate\\Foundation\\Console\\Kernel.php(129): Illuminate\\Console\\Application->run(Object(Symfony\\Component\\Console\\Input\\ArgvInput), Object(Symfony\\Component\\Console\\Output\\ConsoleOutput))
#28 D:\\di sini\\Pejuang Skripsi\\Laravel 8\\apps\\api-laravel\\artisan(37): Illuminate\\Foundation\\Console\\Kernel->handle(Object(Symfony\\Component\\Console\\Input\\ArgvInput), Object(Symfony\\Component\\Console\\Output\\ConsoleOutput))
#29 {main}

[previous exception] [object] (ReflectionException(code: -1): Class \"UserController\" does not exist at D:\\di sini\\Pejuang Skripsi\\Laravel 8\\apps\\api-laravel\\vendor\\laravel\\framework\\src\\Illuminate\\Container\\Container.php:875)
[stacktrace]
#0 D:\\di sini\\Pejuang Skripsi\\Laravel 8\\apps\\api-laravel\\vendor\\laravel\\framework\\src\\Illuminate\\Container\\Container.php(875): ReflectionClass->__construct('UserController')
#1 D:\\di sini\\Pejuang Skripsi\\Laravel 8\\apps\\api-laravel\\vendor\\laravel\\framework\\src\\Illuminate\\Container\\Container.php(756): Illuminate\\Container\\Container->build('UserController')
#2 D:\\di sini\\Pejuang Skripsi\\Laravel 8\\apps\\api-laravel\\vendor\\laravel\\framework\\src\\Illuminate\\Foundation\\Application.php(855): Illuminate\\Container\\Container->resolve('UserController', Array, true)
#3 D:\\di sini\\Pejuang Skripsi\\Laravel 8\\apps\\api-laravel\\vendor\\laravel\\framework\\src\\Illuminate\\Container\\Container.php(692): Illuminate\\Foundation\\Application->resolve('UserController', Array)
#4 D:\\di sini\\Pejuang Skripsi\\Laravel 8\\apps\\api-laravel\\vendor\\laravel\\framework\\src\\Illuminate\\Foundation\\Application.php(840): Illuminate\\Container\\Container->make('UserController', Array)
#5 D:\\di sini\\Pejuang Skripsi\\Laravel 8\\apps\\api-laravel\\vendor\\laravel\\framework\\src\\Illuminate\\Routing\\Route.php(275): Illuminate\\Foundation\\Application->make('UserController')
#6 D:\\di sini\\Pejuang Skripsi\\Laravel 8\\apps\\api-laravel\\vendor\\laravel\\framework\\src\\Illuminate\\Routing\\Route.php(1081): Illuminate\\Routing\\Route->getController()
#7 D:\\di sini\\Pejuang Skripsi\\Laravel 8\\apps\\api-laravel\\vendor\\laravel\\framework\\src\\Illuminate\\Routing\\Route.php(1024): Illuminate\\Routing\\Route->controllerMiddleware()
#8 D:\\di sini\\Pejuang Skripsi\\Laravel 8\\apps\\api-laravel\\vendor\\laravel\\framework\\src\\Illuminate\\Routing\\Router.php(737): Illuminate\\Routing\\Route->gatherMiddleware()
#9 D:\\di sini\\Pejuang Skripsi\\Laravel 8\\apps\\api-laravel\\vendor\\laravel\\framework\\src\\Illuminate\\Foundation\\Console\\RouteListCommand.php(210): Illuminate\\Routing\\Router->gatherRouteMiddleware(Object(Illuminate\\Routing\\Route))
#10 D:\\di sini\\Pejuang Skripsi\\Laravel 8\\apps\\api-laravel\\vendor\\laravel\\framework\\src\\Illuminate\\Foundation\\Console\\RouteListCommand.php(155): Illuminate\\Foundation\\Console\\RouteListCommand->getMiddleware(Object(Illuminate\\Routing\\Route))
#11 D:\\di sini\\Pejuang Skripsi\\Laravel 8\\apps\\api-laravel\\vendor\\laravel\\framework\\src\\Illuminate\\Foundation\\Console\\RouteListCommand.php(125): Illuminate\\Foundation\\Console\\RouteListCommand->getRouteInformation(Object(Illuminate\\Routing\\Route))
#12 [internal function]: Illuminate\\Foundation\\Console\\RouteListCommand->Illuminate\\Foundation\\Console\\{closure}(Object(Illuminate\\Routing\\Route), 5)
#13 D:\\di sini\\Pejuang Skripsi\\Laravel 8\\apps\\api-laravel\\vendor\\laravel\\framework\\src\\Illuminate\\Collections\\Collection.php(725): array_map(Object(Closure), Array, Array)
#14 D:\\di sini\\Pejuang Skripsi\\Laravel 8\\apps\\api-laravel\\vendor\\laravel\\framework\\src\\Illuminate\\Foundation\\Console\\RouteListCommand.php(126): Illuminate\\Support\\Collection->map(Object(Closure))
#15 D:\\di sini\\Pejuang Skripsi\\Laravel 8\\apps\\api-laravel\\vendor\\laravel\\framework\\src\\Illuminate\\Foundation\\Console\\RouteListCommand.php(110): Illuminate\\Foundation\\Console\\RouteListCommand->getRoutes()
#16 D:\\di sini\\Pejuang Skripsi\\Laravel 8\\apps\\api-laravel\\vendor\\laravel\\framework\\src\\Illuminate\\Container\\BoundMethod.php(36): Illuminate\\Foundation\\Console\\RouteListCommand->handle()
#17 D:\\di sini\\Pejuang Skripsi\\Laravel 8\\apps\\api-laravel\\vendor\\laravel\\framework\\src\\Illuminate\\Container\\Util.php(41): Illuminate\\Container\\BoundMethod::Illuminate\\Container\\{closure}()
#18 D:\\di sini\\Pejuang Skripsi\\Laravel 8\\apps\\api-laravel\\vendor\\laravel\\framework\\src\\Illuminate\\Container\\BoundMethod.php(93): Illuminate\\Container\\Util::unwrapIfClosure(Object(Closure))
#19 D:\\di sini\\Pejuang Skripsi\\Laravel 8\\apps\\api-laravel\\vendor\\laravel\\framework\\src\\Illuminate\\Container\\BoundMethod.php(37): Illuminate\\Container\\BoundMethod::callBoundMethod(Object(Illuminate\\Foundation\\Application), Array, Object(Closure))
#20 D:\\di sini\\Pejuang Skripsi\\Laravel 8\\apps\\api-laravel\\vendor\\laravel\\framework\\src\\Illuminate\\Container\\Container.php(651): Illuminate\\Container\\BoundMethod::call(Object(Illuminate\\Foundation\\Application), Array, Array, NULL)
#21 D:\\di sini\\Pejuang Skripsi\\Laravel 8\\apps\\api-laravel\\vendor\\laravel\\framework\\src\\Illuminate\\Console\\Command.php(136): Illuminate\\Container\\Container->call(Array)
#22 D:\\di sini\\Pejuang Skripsi\\Laravel 8\\apps\\api-laravel\\vendor\\symfony\\console\\Command\\Command.php(291): Illuminate\\Console\\Command->execute(Object(Symfony\\Component\\Console\\Input\\ArgvInput), Object(Illuminate\\Console\\OutputStyle))
#23 D:\\di sini\\Pejuang Skripsi\\Laravel 8\\apps\\api-laravel\\vendor\\laravel\\framework\\src\\Illuminate\\Console\\Command.php(121): Symfony\\Component\\Console\\Command\\Command->run(Object(Symfony\\Component\\Console\\Input\\ArgvInput), Object(Illuminate\\Console\\OutputStyle))
#24 D:\\di sini\\Pejuang Skripsi\\Laravel 8\\apps\\api-laravel\\vendor\\symfony\\console\\Application.php(989): Illuminate\\Console\\Command->run(Object(Symfony\\Component\\Console\\Input\\ArgvInput), Object(Symfony\\Component\\Console\\Output\\ConsoleOutput))
#25 D:\\di sini\\Pejuang Skripsi\\Laravel 8\\apps\\api-laravel\\vendor\\symfony\\console\\Application.php(299): Symfony\\Component\\Console\\Application->doRunCommand(Object(Illuminate\\Foundation\\Console\\RouteListCommand), Object(Symfony\\Component\\Console\\Input\\ArgvInput), Object(Symfony\\Component\\Console\\Output\\ConsoleOutput))
#26 D:\\di sini\\Pejuang Skripsi\\Laravel 8\\apps\\api-laravel\\vendor\\symfony\\console\\Application.php(171): Symfony\\Component\\Console\\Application->doRun(Object(Symfony\\Component\\Console\\Input\\ArgvInput), Object(Symfony\\Component\\Console\\Output\\ConsoleOutput))
#27 D:\\di sini\\Pejuang Skripsi\\Laravel 8\\apps\\api-laravel\\vendor\\laravel\\framework\\src\\Illuminate\\Console\\Application.php(102): Symfony\\Component\\Console\\Application->run(Object(Symfony\\Component\\Console\\Input\\ArgvInput), Object(Symfony\\Component\\Console\\Output\\ConsoleOutput))
#28 D:\\di sini\\Pejuang Skripsi\\Laravel 8\\apps\\api-laravel\\vendor\\laravel\\framework\\src\\Illuminate\\Foundation\\Console\\Kernel.php(129): Illuminate\\Console\\Application->run(Object(Symfony\\Component\\Console\\Input\\ArgvInput), Object(Symfony\\Component\\Console\\Output\\ConsoleOutput))
#29 D:\\di sini\\Pejuang Skripsi\\Laravel 8\\apps\\api-laravel\\artisan(37): Illuminate\\Foundation\\Console\\Kernel->handle(Object(Symfony\\Component\\Console\\Input\\ArgvInput), Object(Symfony\\Component\\Console\\Output\\ConsoleOutput))
#30 {main}
"} 
[2022-05-06 03:59:41] local.ERROR: Target class [UserController] does not exist. {"exception":"[object] (Illuminate\\Contracts\\Container\\BindingResolutionException(code: 0): Target class [UserController] does not exist. at D:\\di sini\\Pejuang Skripsi\\Laravel 8\\apps\\api-laravel\\vendor\\laravel\\framework\\src\\Illuminate\\Container\\Container.php:877)
[stacktrace]
#0 D:\\di sini\\Pejuang Skripsi\\Laravel 8\\apps\\api-laravel\\vendor\\laravel\\framework\\src\\Illuminate\\Container\\Container.php(756): Illuminate\\Container\\Container->build('UserController')
#1 D:\\di sini\\Pejuang Skripsi\\Laravel 8\\apps\\api-laravel\\vendor\\laravel\\framework\\src\\Illuminate\\Foundation\\Application.php(855): Illuminate\\Container\\Container->resolve('UserController', Array, true)
#2 D:\\di sini\\Pejuang Skripsi\\Laravel 8\\apps\\api-laravel\\vendor\\laravel\\framework\\src\\Illuminate\\Container\\Container.php(692): Illuminate\\Foundation\\Application->resolve('UserController', Array)
#3 D:\\di sini\\Pejuang Skripsi\\Laravel 8\\apps\\api-laravel\\vendor\\laravel\\framework\\src\\Illuminate\\Foundation\\Application.php(840): Illuminate\\Container\\Container->make('UserController', Array)
#4 D:\\di sini\\Pejuang Skripsi\\Laravel 8\\apps\\api-laravel\\vendor\\laravel\\framework\\src\\Illuminate\\Routing\\Route.php(275): Illuminate\\Foundation\\Application->make('UserController')
#5 D:\\di sini\\Pejuang Skripsi\\Laravel 8\\apps\\api-laravel\\vendor\\laravel\\framework\\src\\Illuminate\\Routing\\Route.php(1081): Illuminate\\Routing\\Route->getController()
#6 D:\\di sini\\Pejuang Skripsi\\Laravel 8\\apps\\api-laravel\\vendor\\laravel\\framework\\src\\Illuminate\\Routing\\Route.php(1024): Illuminate\\Routing\\Route->controllerMiddleware()
#7 D:\\di sini\\Pejuang Skripsi\\Laravel 8\\apps\\api-laravel\\vendor\\laravel\\framework\\src\\Illuminate\\Routing\\Router.php(737): Illuminate\\Routing\\Route->gatherMiddleware()
#8 D:\\di sini\\Pejuang Skripsi\\Laravel 8\\apps\\api-laravel\\vendor\\laravel\\framework\\src\\Illuminate\\Foundation\\Console\\RouteListCommand.php(210): Illuminate\\Routing\\Router->gatherRouteMiddleware(Object(Illuminate\\Routing\\Route))
#9 D:\\di sini\\Pejuang Skripsi\\Laravel 8\\apps\\api-laravel\\vendor\\laravel\\framework\\src\\Illuminate\\Foundation\\Console\\RouteListCommand.php(155): Illuminate\\Foundation\\Console\\RouteListCommand->getMiddleware(Object(Illuminate\\Routing\\Route))
#10 D:\\di sini\\Pejuang Skripsi\\Laravel 8\\apps\\api-laravel\\vendor\\laravel\\framework\\src\\Illuminate\\Foundation\\Console\\RouteListCommand.php(125): Illuminate\\Foundation\\Console\\RouteListCommand->getRouteInformation(Object(Illuminate\\Routing\\Route))
#11 [internal function]: Illuminate\\Foundation\\Console\\RouteListCommand->Illuminate\\Foundation\\Console\\{closure}(Object(Illuminate\\Routing\\Route), 5)
#12 D:\\di sini\\Pejuang Skripsi\\Laravel 8\\apps\\api-laravel\\vendor\\laravel\\framework\\src\\Illuminate\\Collections\\Collection.php(725): array_map(Object(Closure), Array, Array)
#13 D:\\di sini\\Pejuang Skripsi\\Laravel 8\\apps\\api-laravel\\vendor\\laravel\\framework\\src\\Illuminate\\Foundation\\Console\\RouteListCommand.php(126): Illuminate\\Support\\Collection->map(Object(Closure))
#14 D:\\di sini\\Pejuang Skripsi\\Laravel 8\\apps\\api-laravel\\vendor\\laravel\\framework\\src\\Illuminate\\Foundation\\Console\\RouteListCommand.php(110): Illuminate\\Foundation\\Console\\RouteListCommand->getRoutes()
#15 D:\\di sini\\Pejuang Skripsi\\Laravel 8\\apps\\api-laravel\\vendor\\laravel\\framework\\src\\Illuminate\\Container\\BoundMethod.php(36): Illuminate\\Foundation\\Console\\RouteListCommand->handle()
#16 D:\\di sini\\Pejuang Skripsi\\Laravel 8\\apps\\api-laravel\\vendor\\laravel\\framework\\src\\Illuminate\\Container\\Util.php(41): Illuminate\\Container\\BoundMethod::Illuminate\\Container\\{closure}()
#17 D:\\di sini\\Pejuang Skripsi\\Laravel 8\\apps\\api-laravel\\vendor\\laravel\\framework\\src\\Illuminate\\Container\\BoundMethod.php(93): Illuminate\\Container\\Util::unwrapIfClosure(Object(Closure))
#18 D:\\di sini\\Pejuang Skripsi\\Laravel 8\\apps\\api-laravel\\vendor\\laravel\\framework\\src\\Illuminate\\Container\\BoundMethod.php(37): Illuminate\\Container\\BoundMethod::callBoundMethod(Object(Illuminate\\Foundation\\Application), Array, Object(Closure))
#19 D:\\di sini\\Pejuang Skripsi\\Laravel 8\\apps\\api-laravel\\vendor\\laravel\\framework\\src\\Illuminate\\Container\\Container.php(651): Illuminate\\Container\\BoundMethod::call(Object(Illuminate\\Foundation\\Application), Array, Array, NULL)
#20 D:\\di sini\\Pejuang Skripsi\\Laravel 8\\apps\\api-laravel\\vendor\\laravel\\framework\\src\\Illuminate\\Console\\Command.php(136): Illuminate\\Container\\Container->call(Array)
#21 D:\\di sini\\Pejuang Skripsi\\Laravel 8\\apps\\api-laravel\\vendor\\symfony\\console\\Command\\Command.php(291): Illuminate\\Console\\Command->execute(Object(Symfony\\Component\\Console\\Input\\ArgvInput), Object(Illuminate\\Console\\OutputStyle))
#22 D:\\di sini\\Pejuang Skripsi\\Laravel 8\\apps\\api-laravel\\vendor\\laravel\\framework\\src\\Illuminate\\Console\\Command.php(121): Symfony\\Component\\Console\\Command\\Command->run(Object(Symfony\\Component\\Console\\Input\\ArgvInput), Object(Illuminate\\Console\\OutputStyle))
#23 D:\\di sini\\Pejuang Skripsi\\Laravel 8\\apps\\api-laravel\\vendor\\symfony\\console\\Application.php(989): Illuminate\\Console\\Command->run(Object(Symfony\\Component\\Console\\Input\\ArgvInput), Object(Symfony\\Component\\Console\\Output\\ConsoleOutput))
#24 D:\\di sini\\Pejuang Skripsi\\Laravel 8\\apps\\api-laravel\\vendor\\symfony\\console\\Application.php(299): Symfony\\Component\\Console\\Application->doRunCommand(Object(Illuminate\\Foundation\\Console\\RouteListCommand), Object(Symfony\\Component\\Console\\Input\\ArgvInput), Object(Symfony\\Component\\Console\\Output\\ConsoleOutput))
#25 D:\\di sini\\Pejuang Skripsi\\Laravel 8\\apps\\api-laravel\\vendor\\symfony\\console\\Application.php(171): Symfony\\Component\\Console\\Application->doRun(Object(Symfony\\Component\\Console\\Input\\ArgvInput), Object(Symfony\\Component\\Console\\Output\\ConsoleOutput))
#26 D:\\di sini\\Pejuang Skripsi\\Laravel 8\\apps\\api-laravel\\vendor\\laravel\\framework\\src\\Illuminate\\Console\\Application.php(102): Symfony\\Component\\Console\\Application->run(Object(Symfony\\Component\\Console\\Input\\ArgvInput), Object(Symfony\\Component\\Console\\Output\\ConsoleOutput))
#27 D:\\di sini\\Pejuang Skripsi\\Laravel 8\\apps\\api-laravel\\vendor\\laravel\\framework\\src\\Illuminate\\Foundation\\Console\\Kernel.php(129): Illuminate\\Console\\Application->run(Object(Symfony\\Component\\Console\\Input\\ArgvInput), Object(Symfony\\Component\\Console\\Output\\ConsoleOutput))
#28 D:\\di sini\\Pejuang Skripsi\\Laravel 8\\apps\\api-laravel\\artisan(37): Illuminate\\Foundation\\Console\\Kernel->handle(Object(Symfony\\Component\\Console\\Input\\ArgvInput), Object(Symfony\\Component\\Console\\Output\\ConsoleOutput))
#29 {main}

[previous exception] [object] (ReflectionException(code: -1): Class \"UserController\" does not exist at D:\\di sini\\Pejuang Skripsi\\Laravel 8\\apps\\api-laravel\\vendor\\laravel\\framework\\src\\Illuminate\\Container\\Container.php:875)
[stacktrace]
#0 D:\\di sini\\Pejuang Skripsi\\Laravel 8\\apps\\api-laravel\\vendor\\laravel\\framework\\src\\Illuminate\\Container\\Container.php(875): ReflectionClass->__construct('UserController')
#1 D:\\di sini\\Pejuang Skripsi\\Laravel 8\\apps\\api-laravel\\vendor\\laravel\\framework\\src\\Illuminate\\Container\\Container.php(756): Illuminate\\Container\\Container->build('UserController')
#2 D:\\di sini\\Pejuang Skripsi\\Laravel 8\\apps\\api-laravel\\vendor\\laravel\\framework\\src\\Illuminate\\Foundation\\Application.php(855): Illuminate\\Container\\Container->resolve('UserController', Array, true)
#3 D:\\di sini\\Pejuang Skripsi\\Laravel 8\\apps\\api-laravel\\vendor\\laravel\\framework\\src\\Illuminate\\Container\\Container.php(692): Illuminate\\Foundation\\Application->resolve('UserController', Array)
#4 D:\\di sini\\Pejuang Skripsi\\Laravel 8\\apps\\api-laravel\\vendor\\laravel\\framework\\src\\Illuminate\\Foundation\\Application.php(840): Illuminate\\Container\\Container->make('UserController', Array)
#5 D:\\di sini\\Pejuang Skripsi\\Laravel 8\\apps\\api-laravel\\vendor\\laravel\\framework\\src\\Illuminate\\Routing\\Route.php(275): Illuminate\\Foundation\\Application->make('UserController')
#6 D:\\di sini\\Pejuang Skripsi\\Laravel 8\\apps\\api-laravel\\vendor\\laravel\\framework\\src\\Illuminate\\Routing\\Route.php(1081): Illuminate\\Routing\\Route->getController()
#7 D:\\di sini\\Pejuang Skripsi\\Laravel 8\\apps\\api-laravel\\vendor\\laravel\\framework\\src\\Illuminate\\Routing\\Route.php(1024): Illuminate\\Routing\\Route->controllerMiddleware()
#8 D:\\di sini\\Pejuang Skripsi\\Laravel 8\\apps\\api-laravel\\vendor\\laravel\\framework\\src\\Illuminate\\Routing\\Router.php(737): Illuminate\\Routing\\Route->gatherMiddleware()
#9 D:\\di sini\\Pejuang Skripsi\\Laravel 8\\apps\\api-laravel\\vendor\\laravel\\framework\\src\\Illuminate\\Foundation\\Console\\RouteListCommand.php(210): Illuminate\\Routing\\Router->gatherRouteMiddleware(Object(Illuminate\\Routing\\Route))
#10 D:\\di sini\\Pejuang Skripsi\\Laravel 8\\apps\\api-laravel\\vendor\\laravel\\framework\\src\\Illuminate\\Foundation\\Console\\RouteListCommand.php(155): Illuminate\\Foundation\\Console\\RouteListCommand->getMiddleware(Object(Illuminate\\Routing\\Route))
#11 D:\\di sini\\Pejuang Skripsi\\Laravel 8\\apps\\api-laravel\\vendor\\laravel\\framework\\src\\Illuminate\\Foundation\\Console\\RouteListCommand.php(125): Illuminate\\Foundation\\Console\\RouteListCommand->getRouteInformation(Object(Illuminate\\Routing\\Route))
#12 [internal function]: Illuminate\\Foundation\\Console\\RouteListCommand->Illuminate\\Foundation\\Console\\{closure}(Object(Illuminate\\Routing\\Route), 5)
#13 D:\\di sini\\Pejuang Skripsi\\Laravel 8\\apps\\api-laravel\\vendor\\laravel\\framework\\src\\Illuminate\\Collections\\Collection.php(725): array_map(Object(Closure), Array, Array)
#14 D:\\di sini\\Pejuang Skripsi\\Laravel 8\\apps\\api-laravel\\vendor\\laravel\\framework\\src\\Illuminate\\Foundation\\Console\\RouteListCommand.php(126): Illuminate\\Support\\Collection->map(Object(Closure))
#15 D:\\di sini\\Pejuang Skripsi\\Laravel 8\\apps\\api-laravel\\vendor\\laravel\\framework\\src\\Illuminate\\Foundation\\Console\\RouteListCommand.php(110): Illuminate\\Foundation\\Console\\RouteListCommand->getRoutes()
#16 D:\\di sini\\Pejuang Skripsi\\Laravel 8\\apps\\api-laravel\\vendor\\laravel\\framework\\src\\Illuminate\\Container\\BoundMethod.php(36): Illuminate\\Foundation\\Console\\RouteListCommand->handle()
#17 D:\\di sini\\Pejuang Skripsi\\Laravel 8\\apps\\api-laravel\\vendor\\laravel\\framework\\src\\Illuminate\\Container\\Util.php(41): Illuminate\\Container\\BoundMethod::Illuminate\\Container\\{closure}()
#18 D:\\di sini\\Pejuang Skripsi\\Laravel 8\\apps\\api-laravel\\vendor\\laravel\\framework\\src\\Illuminate\\Container\\BoundMethod.php(93): Illuminate\\Container\\Util::unwrapIfClosure(Object(Closure))
#19 D:\\di sini\\Pejuang Skripsi\\Laravel 8\\apps\\api-laravel\\vendor\\laravel\\framework\\src\\Illuminate\\Container\\BoundMethod.php(37): Illuminate\\Container\\BoundMethod::callBoundMethod(Object(Illuminate\\Foundation\\Application), Array, Object(Closure))
#20 D:\\di sini\\Pejuang Skripsi\\Laravel 8\\apps\\api-laravel\\vendor\\laravel\\framework\\src\\Illuminate\\Container\\Container.php(651): Illuminate\\Container\\BoundMethod::call(Object(Illuminate\\Foundation\\Application), Array, Array, NULL)
#21 D:\\di sini\\Pejuang Skripsi\\Laravel 8\\apps\\api-laravel\\vendor\\laravel\\framework\\src\\Illuminate\\Console\\Command.php(136): Illuminate\\Container\\Container->call(Array)
#22 D:\\di sini\\Pejuang Skripsi\\Laravel 8\\apps\\api-laravel\\vendor\\symfony\\console\\Command\\Command.php(291): Illuminate\\Console\\Command->execute(Object(Symfony\\Component\\Console\\Input\\ArgvInput), Object(Illuminate\\Console\\OutputStyle))
#23 D:\\di sini\\Pejuang Skripsi\\Laravel 8\\apps\\api-laravel\\vendor\\laravel\\framework\\src\\Illuminate\\Console\\Command.php(121): Symfony\\Component\\Console\\Command\\Command->run(Object(Symfony\\Component\\Console\\Input\\ArgvInput), Object(Illuminate\\Console\\OutputStyle))
#24 D:\\di sini\\Pejuang Skripsi\\Laravel 8\\apps\\api-laravel\\vendor\\symfony\\console\\Application.php(989): Illuminate\\Console\\Command->run(Object(Symfony\\Component\\Console\\Input\\ArgvInput), Object(Symfony\\Component\\Console\\Output\\ConsoleOutput))
#25 D:\\di sini\\Pejuang Skripsi\\Laravel 8\\apps\\api-laravel\\vendor\\symfony\\console\\Application.php(299): Symfony\\Component\\Console\\Application->doRunCommand(Object(Illuminate\\Foundation\\Console\\RouteListCommand), Object(Symfony\\Component\\Console\\Input\\ArgvInput), Object(Symfony\\Component\\Console\\Output\\ConsoleOutput))
#26 D:\\di sini\\Pejuang Skripsi\\Laravel 8\\apps\\api-laravel\\vendor\\symfony\\console\\Application.php(171): Symfony\\Component\\Console\\Application->doRun(Object(Symfony\\Component\\Console\\Input\\ArgvInput), Object(Symfony\\Component\\Console\\Output\\ConsoleOutput))
#27 D:\\di sini\\Pejuang Skripsi\\Laravel 8\\apps\\api-laravel\\vendor\\laravel\\framework\\src\\Illuminate\\Console\\Application.php(102): Symfony\\Component\\Console\\Application->run(Object(Symfony\\Component\\Console\\Input\\ArgvInput), Object(Symfony\\Component\\Console\\Output\\ConsoleOutput))
#28 D:\\di sini\\Pejuang Skripsi\\Laravel 8\\apps\\api-laravel\\vendor\\laravel\\framework\\src\\Illuminate\\Foundation\\Console\\Kernel.php(129): Illuminate\\Console\\Application->run(Object(Symfony\\Component\\Console\\Input\\ArgvInput), Object(Symfony\\Component\\Console\\Output\\ConsoleOutput))
#29 D:\\di sini\\Pejuang Skripsi\\Laravel 8\\apps\\api-laravel\\artisan(37): Illuminate\\Foundation\\Console\\Kernel->handle(Object(Symfony\\Component\\Console\\Input\\ArgvInput), Object(Symfony\\Component\\Console\\Output\\ConsoleOutput))
#30 {main}
"} 
